0 info it worked if it ends with ok
1 verbose cli [ '/usr/local/bin/node',
1 verbose cli   '/usr/local/bin/npm',
1 verbose cli   'install',
1 verbose cli   '-g',
1 verbose cli   'ios-deploy' ]
2 info using npm@3.10.9
3 info using node@v6.9.2
4 silly loadCurrentTree Starting
5 silly install loadCurrentTree
6 silly install readGlobalPackageData
7 silly fetchPackageMetaData ios-deploy
8 silly fetchNamedPackageData ios-deploy
9 silly mapToRegistry name ios-deploy
10 silly mapToRegistry using default registry
11 silly mapToRegistry registry https://registry.npmjs.org/
12 silly mapToRegistry data Result {
12 silly mapToRegistry   raw: 'ios-deploy',
12 silly mapToRegistry   scope: null,
12 silly mapToRegistry   escapedName: 'ios-deploy',
12 silly mapToRegistry   name: 'ios-deploy',
12 silly mapToRegistry   rawSpec: '',
12 silly mapToRegistry   spec: 'latest',
12 silly mapToRegistry   type: 'tag' }
13 silly mapToRegistry uri https://registry.npmjs.org/ios-deploy
14 verbose request uri https://registry.npmjs.org/ios-deploy
15 verbose request no auth needed
16 info attempt registry request try #1 at 12:48:46 PM
17 verbose request id 0ebe7ab2f0b3f7e9
18 verbose etag "SW3JR55VBSNFBD4VQIGNZ4EM"
19 http request GET https://registry.npmjs.org/ios-deploy
20 http 200 https://registry.npmjs.org/ios-deploy
21 verbose headers { server: 'nginx/1.10.1',
21 verbose headers   'content-type': 'application/json',
21 verbose headers   'last-modified': 'Mon, 17 Oct 2016 01:47:13 GMT',
21 verbose headers   etag: 'W/"58042da1-9e49"',
21 verbose headers   'content-encoding': 'gzip',
21 verbose headers   'cache-control': 'max-age=300',
21 verbose headers   'content-length': '6229',
21 verbose headers   'accept-ranges': 'bytes',
21 verbose headers   date: 'Wed, 07 Dec 2016 07:18:46 GMT',
21 verbose headers   via: '1.1 varnish',
21 verbose headers   age: '0',
21 verbose headers   connection: 'keep-alive',
21 verbose headers   'x-served-by': 'cache-fra1245-FRA',
21 verbose headers   'x-cache': 'HIT',
21 verbose headers   'x-cache-hits': '1',
21 verbose headers   'x-timer': 'S1481095126.960341,VS0,VE1',
21 verbose headers   vary: 'Accept-Encoding' }
22 silly get cb [ 200,
22 silly get   { server: 'nginx/1.10.1',
22 silly get     'content-type': 'application/json',
22 silly get     'last-modified': 'Mon, 17 Oct 2016 01:47:13 GMT',
22 silly get     etag: 'W/"58042da1-9e49"',
22 silly get     'content-encoding': 'gzip',
22 silly get     'cache-control': 'max-age=300',
22 silly get     'content-length': '6229',
22 silly get     'accept-ranges': 'bytes',
22 silly get     date: 'Wed, 07 Dec 2016 07:18:46 GMT',
22 silly get     via: '1.1 varnish',
22 silly get     age: '0',
22 silly get     connection: 'keep-alive',
22 silly get     'x-served-by': 'cache-fra1245-FRA',
22 silly get     'x-cache': 'HIT',
22 silly get     'x-cache-hits': '1',
22 silly get     'x-timer': 'S1481095126.960341,VS0,VE1',
22 silly get     vary: 'Accept-Encoding' } ]
23 verbose get saving ios-deploy to /Users/srk/.npm/registry.npmjs.org/ios-deploy/.cache.json
24 verbose correctMkdir /Users/srk/.npm correctMkdir not in flight; initializing
25 silly install normalizeTree
26 silly loadCurrentTree Finishing
27 silly loadIdealTree Starting
28 silly install loadIdealTree
29 silly cloneCurrentTree Starting
30 silly install cloneCurrentTreeToIdealTree
31 silly cloneCurrentTree Finishing
32 silly loadShrinkwrap Starting
33 silly install loadShrinkwrap
34 silly loadShrinkwrap Finishing
35 silly loadAllDepsIntoIdealTree Starting
36 silly install loadAllDepsIntoIdealTree
37 silly resolveWithNewModule ios-deploy@1.9.0 checking installable status
38 silly cache add args [ 'ios-deploy', null ]
39 verbose cache add spec ios-deploy
40 silly cache add parsed spec Result {
40 silly cache add   raw: 'ios-deploy',
40 silly cache add   scope: null,
40 silly cache add   escapedName: 'ios-deploy',
40 silly cache add   name: 'ios-deploy',
40 silly cache add   rawSpec: '',
40 silly cache add   spec: 'latest',
40 silly cache add   type: 'tag' }
41 silly addNamed ios-deploy@latest
42 verbose addNamed "latest" is being treated as a dist-tag for ios-deploy
43 info addNameTag [ 'ios-deploy', 'latest' ]
44 silly mapToRegistry name ios-deploy
45 silly mapToRegistry using default registry
46 silly mapToRegistry registry https://registry.npmjs.org/
47 silly mapToRegistry data Result {
47 silly mapToRegistry   raw: 'ios-deploy',
47 silly mapToRegistry   scope: null,
47 silly mapToRegistry   escapedName: 'ios-deploy',
47 silly mapToRegistry   name: 'ios-deploy',
47 silly mapToRegistry   rawSpec: '',
47 silly mapToRegistry   spec: 'latest',
47 silly mapToRegistry   type: 'tag' }
48 silly mapToRegistry uri https://registry.npmjs.org/ios-deploy
49 verbose addNameTag registry:https://registry.npmjs.org/ios-deploy not in flight; fetching
50 verbose get https://registry.npmjs.org/ios-deploy not expired, no request
51 silly addNameTag next cb for ios-deploy with tag latest
52 silly addNamed ios-deploy@1.9.0
53 verbose addNamed "1.9.0" is a plain semver version for ios-deploy
54 silly cache afterAdd ios-deploy@1.9.0
55 verbose afterAdd /Users/srk/.npm/ios-deploy/1.9.0/package/package.json not in flight; writing
56 verbose correctMkdir /Users/srk/.npm correctMkdir not in flight; initializing
57 verbose afterAdd /Users/srk/.npm/ios-deploy/1.9.0/package/package.json written
58 silly loadAllDepsIntoIdealTree Finishing
59 silly loadIdealTree Finishing
60 silly currentTree lib
61 silly idealTree lib
61 silly idealTree └── ios-deploy@1.9.0
62 silly generateActionsToTake Starting
63 silly install generateActionsToTake
64 silly generateActionsToTake Finishing
65 silly diffTrees action count 1
66 silly diffTrees add ios-deploy@1.9.0
67 silly decomposeActions action count 8
68 silly decomposeActions fetch ios-deploy@1.9.0
69 silly decomposeActions extract ios-deploy@1.9.0
70 silly decomposeActions test ios-deploy@1.9.0
71 silly decomposeActions preinstall ios-deploy@1.9.0
72 silly decomposeActions build ios-deploy@1.9.0
73 silly decomposeActions install ios-deploy@1.9.0
74 silly decomposeActions postinstall ios-deploy@1.9.0
75 silly decomposeActions finalize ios-deploy@1.9.0
76 silly runTopLevelLifecycles Starting
77 silly executeActions Starting
78 silly install executeActions
79 silly doSerial global-install 0
80 silly doParallel fetch 1
81 verbose correctMkdir /Users/srk/.npm/_locks correctMkdir not in flight; initializing
82 verbose lock using /Users/srk/.npm/_locks/staging-3a08f0df5026584d.lock for /usr/local/lib/node_modules/.staging
83 silly doParallel extract 1
84 silly extract ios-deploy@1.9.0
85 verbose unbuild lib/node_modules/.staging/ios-deploy-298c9491
86 silly gentlyRm /usr/local/lib/node_modules/.staging/ios-deploy-298c9491 is being purged from base /usr/local
87 verbose gentlyRm don't care about contents; nuking /usr/local/lib/node_modules/.staging/ios-deploy-298c9491
88 verbose tar unpack /Users/srk/.npm/ios-deploy/1.9.0/package.tgz
89 verbose tar unpacking to /usr/local/lib/node_modules/.staging/ios-deploy-298c9491
90 silly gentlyRm /usr/local/lib/node_modules/.staging/ios-deploy-298c9491 is being purged
91 verbose gentlyRm don't care about contents; nuking /usr/local/lib/node_modules/.staging/ios-deploy-298c9491
92 silly gunzTarPerm modes [ '755', '644' ]
93 silly gunzTarPerm extractEntry package.json
94 silly gunzTarPerm extractEntry .npmignore
95 silly gunzTarPerm extractEntry README.md
96 silly gunzTarPerm extractEntry LICENSE
97 silly gunzTarPerm extractEntry demo/.npmignore
98 silly gunzTarPerm extractEntry demo/Entitlements.plist
99 silly gunzTarPerm extractEntry demo/Info.plist
100 silly gunzTarPerm extractEntry demo/Makefile
101 silly gunzTarPerm extractEntry demo/ResourceRules.plist
102 silly gunzTarPerm extractEntry demo/demo.c
103 silly gunzTarPerm extractEntry ios-deploy.xcodeproj/project.pbxproj
104 silly gunzTarPerm extractEntry ios-deploy.xcodeproj/project.xcworkspace/contents.xcworkspacedata
105 silly gunzTarPerm extractEntry ios-deploy.xcodeproj/project.xcworkspace/xcuserdata/shazron.xcuserdatad/UserInterfaceState.xcuserstate
106 silly gunzTarPerm extractEntry ios-deploy.xcodeproj/xcshareddata/xcschemes/ios-deploy-tests.xcscheme
107 silly gunzTarPerm extractEntry ios-deploy.xcodeproj/xcuserdata/shazron.xcuserdatad/xcschemes/ios-deploy-lib.xcscheme
108 silly gunzTarPerm extractEntry ios-deploy.xcodeproj/xcuserdata/shazron.xcuserdatad/xcschemes/ios-deploy.xcscheme
109 silly gunzTarPerm extractEntry ios-deploy.xcodeproj/xcuserdata/shazron.xcuserdatad/xcschemes/xcschememanagement.plist
110 silly gunzTarPerm extractEntry CONTRIBUTING.md
111 silly gunzTarPerm extractEntry src/ios-deploy/MobileDevice.h
112 silly gunzTarPerm extractEntry src/ios-deploy/errors.h
113 silly gunzTarPerm extractEntry src/ios-deploy/ios-deploy.m
114 silly gunzTarPerm extractEntry src/ios-deploy/version.h
115 silly gunzTarPerm extractEntry src/ios-deploy-lib/libios_deploy.h
116 silly gunzTarPerm extractEntry src/ios-deploy-lib/libios_deploy.m
117 silly gunzTarPerm extractEntry src/ios-deploy-tests/Info.plist
118 silly gunzTarPerm extractEntry src/ios-deploy-tests/ios_deploy_tests.m
119 silly gunzTarPerm extractEntry src/scripts/check_reqs.js
120 silly gunzTarPerm extractEntry src/scripts/lldb.py
121 silly gentlyRm /usr/local/lib/node_modules/.staging/ios-deploy-298c9491/node_modules is being purged
122 verbose gentlyRm don't care about contents; nuking /usr/local/lib/node_modules/.staging/ios-deploy-298c9491/node_modules
123 silly doParallel preinstall 1
124 silly preinstall ios-deploy@1.9.0 /usr/local/lib/node_modules/.staging/ios-deploy-298c9491
125 info lifecycle ios-deploy@1.9.0~preinstall: ios-deploy@1.9.0
126 warn lifecycle ios-deploy@1.9.0~preinstall: cannot run in wd %s %s (wd=%s) ios-deploy@1.9.0 ./src/scripts/check_reqs.js && xcodebuild /usr/local/lib/node_modules/.staging/ios-deploy-298c9491
127 silly doReverseSerial remove 0
128 silly doSerial move 0
129 silly doSerial finalize 1
130 silly finalize /usr/local/lib/node_modules/ios-deploy
131 silly doSerial build 1
132 silly build ios-deploy@1.9.0
133 info linkStuff ios-deploy@1.9.0
134 silly linkStuff ios-deploy@1.9.0 has /usr/local/lib/node_modules as its parent node_modules
135 silly linkStuff ios-deploy@1.9.0 is part of a global install
136 silly linkStuff ios-deploy@1.9.0 is installed into a global node_modules
137 silly linkStuff ios-deploy@1.9.0 is installed into the top-level global node_modules
138 verbose linkBins ios-deploy@1.9.0
139 verbose link bins [ { 'ios-deploy': './build/Release/ios-deploy' },
139 verbose link bins   '/usr/local/bin',
139 verbose link bins   true ]
140 verbose linkMans ios-deploy@1.9.0
141 verbose unlock done using /Users/srk/.npm/_locks/staging-3a08f0df5026584d.lock for /usr/local/lib/node_modules/.staging
142 silly rollbackFailedOptional Starting
143 silly rollbackFailedOptional Finishing
144 silly runTopLevelLifecycles Finishing
145 silly install printInstalled
146 verbose stack Error: ENOENT: no such file or directory, chmod '/usr/local/lib/node_modules/ios-deploy/build/Release/ios-deploy'
146 verbose stack     at Error (native)
147 verbose cwd /Users/srk/Desktop/All-In-One
148 error Darwin 16.1.0
149 error argv "/usr/local/bin/node" "/usr/local/bin/npm" "install" "-g" "ios-deploy"
150 error node v6.9.2
151 error npm  v3.10.9
152 error path /usr/local/lib/node_modules/ios-deploy/build/Release/ios-deploy
153 error code ENOENT
154 error errno -2
155 error syscall chmod
156 error enoent ENOENT: no such file or directory, chmod '/usr/local/lib/node_modules/ios-deploy/build/Release/ios-deploy'
157 error enoent ENOENT: no such file or directory, chmod '/usr/local/lib/node_modules/ios-deploy/build/Release/ios-deploy'
157 error enoent This is most likely not a problem with npm itself
157 error enoent and is related to npm not being able to find a file.
158 verbose exit [ -2, true ]
